Unsupposrted library path: /home/user/Downloads/No-Worldgen-5-You-master/build/classes/java/api
Unsupposrted library path: /home/user/Downloads/No-Worldgen-5-You-master/build/resources/api
Symbol range map extraction starting
Processing 11 files
startProcessing "net/michaelsebero/noworldgen5you/NoWorldgen5You.java" md5: fc0e7a882f2bdda422c781047fcf2cce
endProcessing "net/michaelsebero/noworldgen5you/NoWorldgen5You.java"

startProcessing "net/michaelsebero/noworldgen5you/WorldgenConfig.java" md5: 17ca3e72ed1002c7c779944b64d03871
endProcessing "net/michaelsebero/noworldgen5you/WorldgenConfig.java"

startProcessing "net/michaelsebero/noworldgen5you/world/gen/MapGenEmpty.java" md5: 5f28779e9f499bbfd6f928fb2d78c21e
endProcessing "net/michaelsebero/noworldgen5you/world/gen/MapGenEmpty.java"

startProcessing "net/michaelsebero/noworldgen5you/world/gen/MapGenEndCityEmpty.java" md5: ff4f28c36c709815f7fbb0294dcddfac
endProcessing "net/michaelsebero/noworldgen5you/world/gen/MapGenEndCityEmpty.java"

startProcessing "net/michaelsebero/noworldgen5you/world/gen/MapGenFortressEmpty.java" md5: b9afa7f5ae87e7d25ab3c4d9dccf727e
endProcessing "net/michaelsebero/noworldgen5you/world/gen/MapGenFortressEmpty.java"

startProcessing "net/michaelsebero/noworldgen5you/world/gen/MapGenMineshaftEmpty.java" md5: ca578d144f7b13dd468ffbc7566bf2d8
endProcessing "net/michaelsebero/noworldgen5you/world/gen/MapGenMineshaftEmpty.java"

startProcessing "net/michaelsebero/noworldgen5you/world/gen/MapGenOceanMonumentEmpty.java" md5: 86805a05a99559f7a416dcec42dd17af
endProcessing "net/michaelsebero/noworldgen5you/world/gen/MapGenOceanMonumentEmpty.java"

startProcessing "net/michaelsebero/noworldgen5you/world/gen/MapGenScatteredFeaturesEmpty.java" md5: 0d8ca515808abd213228cf1bd71cdc9d
endProcessing "net/michaelsebero/noworldgen5you/world/gen/MapGenScatteredFeaturesEmpty.java"

startProcessing "net/michaelsebero/noworldgen5you/world/gen/MapGenStrongholdEmpty.java" md5: 47da6710e90a837da8a2d4456841650d
endProcessing "net/michaelsebero/noworldgen5you/world/gen/MapGenStrongholdEmpty.java"

startProcessing "net/michaelsebero/noworldgen5you/world/gen/MapGenVillageEmpty.java" md5: 98e370e21c0bc2c022ad9f65c4a308f2
endProcessing "net/michaelsebero/noworldgen5you/world/gen/MapGenVillageEmpty.java"

startProcessing "net/michaelsebero/noworldgen5you/world/gen/MapGenWoodlandMansion.java" md5: 884288c9a563966b36910f989ca5515c
endProcessing "net/michaelsebero/noworldgen5you/world/gen/MapGenWoodlandMansion.java"

